1	DLA	-7.555514221	112.4829472	9999.0	False	PU-S7.0-140
2	DLA	-7.55084008	112.4797898	9999.0	False	PU-S7.0-140
3	DLA	-7.549469983	112.43237	9999.0	False	PU-S7.0-140
4	DLA	-7.549067627	112.4309461	9999.0	False	PU-S7.0-140
5	DLA	-7.549074595	112.4305862	9999.0	False	PU-S7.0-140
6	DLA	-7.549040202	112.4323616	9999.0	False	PU-S7.0-140
7	DLA	-7.549049403	112.4318896	9999.0	False	PU-S7.0-140
8	DLA	-7.549059319	112.4313737	9999.0	False	PU-S7.0-140
9	DLA	-7.579524034	112.4646296	9999.0	False	PU-S7.0-140
10	DLA	-7.545538608	112.4542438	9999.0	False	PU-S7.0-140
11	DLA	-7.54601011	112.454252	9999.0	False	PU-S7.0-140
12	DLA	-7.546464102	112.4542599	9999.0	False	PU-S7.0-140
13	DLA	-7.546947931	112.4542795	9999.0	False	PU-S7.0-140
14	DLA	-7.55653216	112.4854703	9999.0	False	PU-S7.0-140
15	DLA	-7.554475198	112.4855851	9999.0	False	PU-S7.0-140
16	DLA	-7.556252818	112.4854613	9999.0	False	PU-S7.0-140
17	DLA	-7.555873425	112.4854112	9999.0	False	PU-S7.0-140
18	DLA	-7.556834816	112.4859239	9999.0	False	PU-C9.0-300
19	DLA	-7.554720058	112.4801962	9999.0	False	PU-S7.0-140
20	DLA	-7.552571346	112.4800362	9999.0	False	PU-S7.0-140
21	DLA	-7.547035478	112.4792042	9999.0	False	PU-S7.0-140
22	DLA	-7.555434179	112.4843912	9999.0	False	PU-S7.0-140
23	DLA	-7.545415954	112.4790331	9999.0	False	PU-S7.0-140
24	DLA	-7.552120575	112.4799844	9999.0	False	PU-S7.0-140
25	DLA	-7.545724601	112.4782149	9999.0	False	PU-S7.0-140
26	DLA	-7.555491888	112.4834137	9999.0	False	PU-S7.0-140
27	DLA	-7.551728404	112.4799224	9999.0	False	PU-S7.0-140
28	DLA	-7.555651256	112.481176	9999.0	False	PU-S7.0-140
29	DLA	-7.55466494	112.4846432	9999.0	False	PU-S7.0-140
30	DLA	-7.555539234	112.4825569	9999.0	False	PU-S7.0-140
31	DLA	-7.554433212	112.4852585	9999.0	False	PU-S7.0-140
32	DLA	-7.550386181	112.4797112	9999.0	False	PU-S7.0-140
33	DLA	-7.554514058	112.4859348	9999.0	False	PU-S7.0-140
34	DLA	-7.545619455	112.4790428	9999.0	False	PU-S7.0-140
35	DLA	-7.547911747	112.4793305	9999.0	False	PU-S7.0-140
36	DLA	-7.555715218	112.4802559	9999.0	False	PU-S7.0-140
37	DLA	-7.545494746	112.4795526	9999.0	False	PU-S7.0-140
38	DLA	-7.55477589	112.4882908	9999.0	False	PU-S7.0-140
39	DLA	-7.554641713	112.4872186	9999.0	False	PU-S7.0-140
40	DLA	-7.554743284	112.4879899	9999.0	False	PU-S7.0-140
41	DLA	-7.555022715	112.4851684	9999.0	False	PU-C9.0-300
42	DLA	-7.556823114	112.4856868	9999.0	False	PU-C9.0-300
43	DLA	-7.556848663	112.4861993	9999.0	False	PU-C9.0-300
44	DLA	-7.553025334	112.480087	9999.0	False	PU-S7.0-140
45	DLA	-7.554981801	112.4846711	9999.0	False	PU-S7.0-140
46	DLA	-7.554525939	112.4863635	9999.0	False	PU-S7.0-140
47	DLA	-7.546688329	112.479174	9999.0	False	PU-S7.0-140
48	DLA	-7.545784543	112.4785795	9999.0	False	PU-S7.0-140
49	DLA	-7.555581131	112.4820814	9999.0	False	PU-S7.0-140
50	DLA	-7.55562267	112.4816079	9999.0	False	PU-S7.0-140
51	DLA	-7.555600873	112.4853227	9999.0	False	PU-C9.0-300
52	DLA	-7.554701834	112.4876563	9999.0	False	PU-S7.0-140
53	DLA	-7.555272756	112.4852144	9999.0	False	PU-C9.0-300
54	DLA	-7.555490101	112.483705	9999.0	False	PU-S7.0-140
55	DLA	-7.556811501	112.4854791	9999.0	False	PU-C9.0-300
56	DLA	-7.551282724	112.4798574	9999.0	False	PU-S7.0-140
57	DLA	-7.554387027	112.4848738	9999.0	False	PU-S7.0-140
58	DLA	-7.548324198	112.4793957	9999.0	False	PU-S7.0-140
59	DLA	-7.55517324	112.4846706	9999.0	False	PU-S7.0-140
60	DLA	-7.554353796	112.4845772	9999.0	False	PU-S7.0-140
61	DLA	-7.553941438	112.4801563	9999.0	False	PU-S7.0-140
62	DLA	-7.55685965	112.4865313	9999.0	False	PU-C9.0-300
63	DLA	-7.550142302	112.4796766	9999.0	False	PU-S7.0-140
64	DLA	-7.555421762	112.4802279	9999.0	False	PU-S7.0-140
65	DLA	-7.545476343	112.479142	9999.0	False	PU-S7.0-140
66	DLA	-7.555110708	112.4802131	9999.0	False	PU-S7.0-140
67	DLA	-7.548974185	112.479493	9999.0	False	PU-S7.0-140
68	DLA	-7.555472771	112.4841021	9999.0	False	PU-S7.0-140
69	DLA	-7.548761304	112.4794628	9999.0	False	PU-S7.0-140
70	DLA	-7.549587813	112.4795922	9999.0	False	PU-S7.0-140
71	DLA	-7.555360838	112.4846299	9999.0	False	PU-S7.0-140
72	DLA	-7.554296266	112.4801679	9999.0	False	PU-S7.0-140
73	DLA	-7.554581504	112.4867923	9999.0	False	PU-S7.0-140
74	DLA	-7.537982477	112.4465638	9999.0	False	PU-S7.0-140
75	DLA	-7.611626571	112.4893953	9999.0	False	PU-S7.0-140
76	DLA	-7.613140801	112.48612	9999.0	False	PU-S7.0-140
77	DLA	-7.617352527	112.4932363	9999.0	False	PU-S7.0-140
78	DLA	-7.534051482	112.4637089	9999.0	False	PU-S7.0-140
79	DLA	-7.538522592	112.4860377	9999.0	False	PU-S7.0-140
80	DLA	-7.54989351	112.4796317	9999.0	False	PU-S7.0-140
81	DLA	-7.611957966	112.481854	9999.0	False	PU-S7.0-140
82	DLA	-7.611742693	112.4840762	9999.0	False	PU-S7.0-140
83	DLA	-7.611857207	112.4848256	9999.0	False	PU-S7.0-140
84	DLA	-7.611752072	112.4833109	9999.0	False	PU-S7.0-140
85	DLA	-7.611857207	112.482567	9999.0	False	PU-S7.0-140
86	DLA	-7.590581615	112.4417748	9999.0	False	PU-S7.0-140
87	DLA	-7.546253097	112.4862081	9999.0	False	PU-S7.0-140
88	DLA	-7.605139335	112.4883936	9999.0	False	PU-S7.0-140
89	DLA	-7.563339312	112.480384	9999.0	False	PU-S7.0-140
90	DLA	-7.53024482	112.4754555	9999.0	False	PU-S7.0-140
91	DLA	-7.534003599	112.4757196	9999.0	False	PU-S7.0-140
92	DLA	-7.529710773	112.4754768	9999.0	False	PU-S7.0-140
93	DLA	-7.530669342	112.47546	9999.0	False	PU-S7.0-140
94	DLA	-7.533106139	112.4755793	9999.0	False	PU-S7.0-140
95	DLA	-7.533547722	112.4756363	9999.0	False	PU-S7.0-140
96	DLA	-7.537996055	112.4766601	9999.0	False	PU-S7.0-140
97	DLA	-7.537258689	112.4763903	9999.0	False	PU-S7.0-140
98	DLA	-7.527940319	112.4755578	9999.0	False	PU-S7.0-140
99	DLA	-7.53534246	112.4759274	9999.0	False	PU-S7.0-140
100	DLA	-7.535052301	112.4758745	9999.0	False	PU-S7.0-140
101	DLA	-7.536914572	112.4762943	9999.0	False	PU-S7.0-140
102	DLA	-7.537612989	112.4764893	9999.0	False	PU-S7.0-140
103	DLA	-7.534417219	112.4757951	9999.0	False	PU-S7.0-140
104	DLA	-7.532583797	112.4755118	9999.0	False	PU-S7.0-140
105	DLA	-7.531073853	112.4754643	9999.0	False	PU-S7.0-140
106	DLA	-7.536657288	112.4762225	9999.0	False	PU-S7.0-140
107	DLA	-7.53574268	112.4760001	9999.0	False	PU-S7.0-140
108	DLA	-7.532079321	112.475475	9999.0	False	PU-S7.0-140
109	DLA	-7.531572165	112.4754696	9999.0	False	PU-S7.0-140
110	DLA	-7.52889362	112.4755094	9999.0	False	PU-S7.0-140
111	DLA	-7.52846338	112.4755265	9999.0	False	PU-S7.0-140
112	DLA	-7.536081973	112.4760618	9999.0	False	PU-S7.0-140
113	DLA	-7.529320555	112.4754924	9999.0	False	PU-S7.0-140
114	DLA	-7.567432985	112.5096863	9999.0	False	PU-S7.0-140
115	DLA	-7.568022924	112.5116045	9999.0	False	PU-S7.0-140
116	DLA	-7.566511987	112.5096647	9999.0	False	PU-S7.0-140
117	DLA	-7.569443009	112.5094418	9999.0	False	PU-S7.0-140
118	DLA	-7.56810484	112.5120711	9999.0	False	PU-S7.0-140
119	DLA	-7.569019047	112.5094481	9999.0	False	PU-S7.0-140
120	DLA	-7.566206119	112.5097028	9999.0	False	PU-S7.0-140
121	DLA	-7.567169728	112.5096848	9999.0	False	PU-S7.0-140
122	DLA	-7.566963017	112.5095927	9999.0	False	PU-S7.0-140
123	DLA	-7.567933862	112.5111424	9999.0	False	PU-S7.0-140
124	DLA	-7.56786865	112.5107996	9999.0	False	PU-S7.0-140
125	DLA	-7.567780302	112.5103541	9999.0	False	PU-S7.0-140
126	DLA	-7.568073396	112.5096861	9999.0	False	PU-S7.0-140
127	DLA	-7.568087689	112.5096542	9999.0	False	PU-S7.0-140
128	DLA	-7.60909582	112.4880939	9999.0	False	PU-S7.0-140
129	DLA	-7.544298034	112.4461001	9999.0	False	PU-S7.0-140
130	DLA	-7.547125615	112.4462609	9999.0	False	PU-S7.0-140
131	DLA	-7.552787352	112.4451584	9999.0	False	PU-S7.0-140
132	DLA	-7.548460073	112.4462046	9999.0	False	PU-S7.0-140
133	DLA	-7.549268001	112.4459973	9999.0	False	PU-S7.0-140
134	DLA	-7.542801159	112.4461408	9999.0	False	PU-S7.0-140
135	DLA	-7.539677863	112.4459979	9999.0	False	PU-S7.0-140
136	DLA	-7.550317305	112.4453193	9999.0	False	PU-S7.0-140
137	DLA	-7.551738052	112.4451925	9999.0	False	PU-S7.0-140
138	DLA	-7.547534582	112.4462635	9999.0	False	PU-S7.0-140
139	DLA	-7.54341774	112.4460629	9999.0	False	PU-S7.0-140
140	DLA	-7.549555832	112.4457651	9999.0	False	PU-S7.0-140
141	DLA	-7.541378516	112.4460895	9999.0	False	PU-S7.0-140
142	DLA	-7.556449349	112.4459094	9999.0	False	PU-S7.0-140
143	DLA	-7.551474968	112.4452172	9999.0	False	PU-S7.0-140
144	DLA	-7.546513057	112.4462046	9999.0	False	PU-S7.0-140
145	DLA	-7.548029845	112.4462665	9999.0	False	PU-S7.0-140
146	DLA	-7.550682587	112.4452203	9999.0	False	PU-S7.0-140
147	DLA	-7.544695568	112.446131	9999.0	False	PU-S7.0-140
148	DLA	-7.546124278	112.446169	9999.0	False	PU-S7.0-140
149	DLA	-7.542582023	112.4460777	9999.0	False	PU-S7.0-140
150	DLA	-7.542909967	112.44603	9999.0	False	PU-S7.0-140
151	DLA	-7.554771781	112.4454455	9999.0	False	PU-S7.0-140
152	DLA	-7.554149314	112.4452945	9999.0	False	PU-S7.0-140
153	DLA	-7.540747104	112.4460554	9999.0	False	PU-S7.0-140
154	DLA	-7.545135625	112.4461427	9999.0	False	PU-S7.0-140
155	DLA	-7.551193302	112.4451925	9999.0	False	PU-S7.0-140
156	DLA	-7.552431273	112.4451293	9999.0	False	PU-S7.0-140
157	DLA	-7.553431261	112.445211	9999.0	False	PU-S7.0-140
158	DLA	-7.557216799	112.4461582	9999.0	False	PU-S7.0-140
159	DLA	-7.543897283	112.4460687	9999.0	False	PU-S7.0-140
160	DLA	-7.555718702	112.4456753	9999.0	False	PU-S7.0-140
161	DLA	-7.556139635	112.4457775	9999.0	False	PU-S7.0-140
162	DLA	-7.542199406	112.4460815	9999.0	False	PU-S7.0-140
163	DLA	-7.539183309	112.4458772	9999.0	False	PU-S7.0-140
164	DLA	-7.549859206	112.4455608	9999.0	False	PU-S7.0-140
165	DLA	-7.551951915	112.4450902	9999.0	False	PU-S7.0-140
166	DLA	-7.541853952	112.4460848	9999.0	False	PU-S7.0-140
167	DLA	-7.55680221	112.4460238	9999.0	False	PU-S7.0-140
168	DLA	-7.553762416	112.4452606	9999.0	False	PU-S7.0-140
169	DLA	-7.618799751	112.4952279	9999.0	False	PU-S7.0-140
170	DLA	-7.568598748	112.4837418	9999.0	False	PU-S7.0-140
171	DLA	-7.568460822	112.4837132	9999.0	False	PU-S7.0-140
172	DLA	-7.611803613	112.4876753	9999.0	False	PU-S7.0-140
173	DLA	-7.611800665	112.4878836	9999.0	False	PU-S7.0-140
174	DLA	-7.611915983	112.4865241	9999.0	False	PU-S7.0-140
175	DLA	-7.611906515	112.4878782	9999.0	False	PU-S7.0-140
176	DLA	-7.611926345	112.4868869	9999.0	False	PU-S7.0-140
177	DLA	-7.611935992	112.4857394	9999.0	False	PU-S7.0-140
178	DLA	-7.611946979	112.4889706	9999.0	False	PU-S7.0-140
179	DLA	-7.611921343	112.4873056	9999.0	False	PU-S7.0-140
180	DLA	-7.557731798	112.4793595	9999.0	False	PU-S7.0-140
181	DLA	-7.560192438	112.480052	9999.0	False	PU-S7.0-140
182	DLA	-7.561715271	112.4803031	9999.0	False	PU-S7.0-140
183	DLA	-7.5623606	112.4803508	9999.0	False	PU-S7.0-140
184	DLA	-7.561012858	112.4802451	9999.0	False	PU-S7.0-140
185	DLA	-7.556539485	112.4792836	9999.0	False	PU-S7.0-140
186	DLA	-7.558201326	112.4794038	9999.0	False	PU-S7.0-140
187	DLA	-7.555355299	112.4791266	9999.0	False	PU-S7.0-140
188	DLA	-7.562764377	112.4803596	9999.0	False	PU-S7.0-140
189	DLA	-7.558861398	112.479667	9999.0	False	PU-S7.0-140
190	DLA	-7.555994113	112.479203	9999.0	False	PU-S7.0-140
191	DLA	-7.557230467	112.4793121	9999.0	False	PU-S7.0-140
192	DLA	-7.559405338	112.4798242	9999.0	False	PU-S7.0-140
193	DLA	-7.566264988	112.4831557	9999.0	False	PU-S7.0-140
194	DLA	-7.569096854	112.4840452	9999.0	False	PU-S7.0-140
195	DLA	-7.565063935	112.4828046	9999.0	False	PU-S7.0-140
196	DLA	-7.568466003	112.4833984	9999.0	False	PU-S7.0-140
197	DLA	-7.576472282	112.4883176	9999.0	False	PU-S7.0-140
198	DLA	-7.576453345	112.4878601	9999.0	False	PU-S7.0-140
199	DLA	-7.576488362	112.4882919	9999.0	False	PU-S7.0-140
200	DLA	-7.546830726	112.4691246	9999.0	False	PU-S7.0-140
201	DLA	-7.546942125	112.4682878	9999.0	False	PU-S7.0-140
202	DLA	-7.547097922	112.4671567	9999.0	False	PU-S7.0-140
203	DLA	-7.547165636	112.4716398	9999.0	False	PU-S7.0-140
204	DLA	-7.546319025	112.4731726	9999.0	False	PU-S7.0-140
205	DLA	-7.547061474	112.4675057	9999.0	False	PU-S7.0-140
206	DLA	-7.54713035	112.4658874	9999.0	False	PU-S7.0-140
207	DLA	-7.546627046	112.4708164	9999.0	False	PU-S7.0-140
208	DLA	-7.547461865	112.4719898	9999.0	False	PU-S7.0-140
209	DLA	-7.548760054	112.4726767	9999.0	False	PU-S7.0-140
210	DLA	-7.548157681	112.4654915	9999.0	False	PU-S7.0-140
211	DLA	-7.546730405	112.4699535	9999.0	False	PU-S7.0-140
212	DLA	-7.546884505	112.4686874	9999.0	False	PU-S7.0-140
213	DLA	-7.546478664	112.4720156	9999.0	False	PU-S7.0-140
214	DLA	-7.547114984	112.4654488	9999.0	False	PU-S7.0-140
215	DLA	-7.589535947	112.4675273	9999.0	False	PU-S7.0-140
216	DLA	-7.589509863	112.4675035	9999.0	False	PU-S7.0-140
217	DLA	-7.590872466	112.4297244	9999.0	False	PU-S7.0-140
218	DLA	-7.608569784	112.4966195	9999.0	False	PU-S7.0-140
219	DLA	-7.531220541	112.4567629	9999.0	False	PU-S7.0-140
220	DLA	-7.531201691	112.4567407	9999.0	False	PU-S7.0-140
221	DLA	-7.546519221	112.4716454	9999.0	False	PU-S7.0-140
222	DLA	-7.545980898	112.476175	9999.0	False	PU-S7.0-140
223	DLA	-7.548165721	112.465951	9999.0	False	PU-S7.0-140
224	DLA	-7.548727358	112.4726885	9999.0	False	PU-S7.0-140
225	DLA	-7.54817385	112.4674901	9999.0	False	PU-S7.0-140
226	DLA	-7.548179032	112.467073	9999.0	False	PU-S7.0-140
227	DLA	-7.548166972	112.466461	9999.0	False	PU-S7.0-140
228	JGR	-7.551738052	112.4451925	9999.0	False	PU-S9.0-141
229	KBR	-7.5470353	112.4792042	9999.0	False	PU-C9.0-140
230	KBR	-6.175232396788355	106.827120610612	9999.0	False	PU-C7.0-140
231	ABC	-6.17523239678835	106.8271206106127	9999.0	False	PU-S7.0-140
232	GBI	-6.175232396788355	106.8271206106127	9999.0	False	PU-S7.0-140
233	MYR	-7.284954425822813	112.78117465278197	9999.0	False	PU-S7.0-140